This is pdfTeX, Version 3.14159265-2.6-1.40.20 (MiKTeX 2.9.7250 64-bit) (preloaded format=pdflatex 2020.1.8)  8 JAN 2020 18:25
entering extended mode
**./CS442Notes.tex
(CS442Notes.tex
LaTeX2e <2019-10-01> patch level 3
("C:\Users\Zi\AppData\Local\Programs\MiKTeX 2.9\tex/latex/base\article.cls"
Document Class: article 2019/10/25 v1.4k Standard LaTeX document class
("C:\Users\Zi\AppData\Local\Programs\MiKTeX 2.9\tex/latex/base\size11.clo"
File: size11.clo 2019/10/25 v1.4k Standard LaTeX file (size option)
)
\c@part=\count80
\c@section=\count81
\c@subsection=\count82
\c@subsubsection=\count83
\c@paragraph=\count84
\c@subparagraph=\count85
\c@figure=\count86
\c@table=\count87
\abovecaptionskip=\skip41
\belowcaptionskip=\skip42
\bibindent=\dimen102
)
("C:\Users\Zi\AppData\Local\Programs\MiKTeX 2.9\tex/latex/amscls\amsthm.sty"
Package: amsthm 2017/10/31 v2.20.4
\thm@style=\toks14
\thm@bodyfont=\toks15
\thm@headfont=\toks16
\thm@notefont=\toks17
\thm@headpunct=\toks18
\thm@preskip=\skip43
\thm@postskip=\skip44
\thm@headsep=\skip45
\dth@everypar=\toks19
)
("C:\Users\Zi\AppData\Local\Programs\MiKTeX 2.9\tex/latex/preprint\fullpage.sty
"
Package: fullpage 1999/02/23 1.1 (PWD)
\FP@margin=\skip46
) ("C:\Users\Zi\AppData\Local\Programs\MiKTeX 2.9\tex/latex/graphics\epsfig.sty
"
Package: epsfig 2017/06/25 v1.7b (e)psfig emulation (SPQR)

("C:\Users\Zi\AppData\Local\Programs\MiKTeX 2.9\tex/latex/graphics\graphicx.sty
"
Package: graphicx 2017/06/01 v1.1a Enhanced LaTeX Graphics (DPC,SPQR)
 ("C:\Users\Zi\AppData\Local\Programs\MiKTeX 2.9\tex/latex/graphics\keyval.sty"
Package: keyval 2014/10/28 v1.15 key=value parser (DPC)
\KV@toks@=\toks20
)
("C:\Users\Zi\AppData\Local\Programs\MiKTeX 2.9\tex/latex/graphics\graphics.sty
"
Package: graphics 2019/11/01 v1.3d Standard LaTeX Graphics (DPC,SPQR)
 ("C:\Users\Zi\AppData\Local\Programs\MiKTeX 2.9\tex/latex/graphics\trig.sty"
Package: trig 2016/01/03 v1.10 sin cos tan (DPC)
)
("C:\Users\Zi\AppData\Local\Programs\MiKTeX 2.9\tex/latex/graphics-cfg\graphics
.cfg"
File: graphics.cfg 2016/06/04 v1.11 sample graphics configuration
)
Package graphics Info: Driver file: pdftex.def on input line 105.

("C:\Users\Zi\AppData\Local\Programs\MiKTeX 2.9\tex/latex/graphics-def\pdftex.d
ef"
File: pdftex.def 2018/01/08 v1.0l Graphics/color driver for pdftex
))
\Gin@req@height=\dimen103
\Gin@req@width=\dimen104
)
\epsfxsize=\dimen105
\epsfysize=\dimen106
)
("C:\Users\Zi\AppData\Local\Programs\MiKTeX 2.9\tex/latex/amsmath\amsmath.sty"
Package: amsmath 2019/11/16 v2.17d AMS math features
\@mathmargin=\skip47

For additional information on amsmath, use the `?' option.
("C:\Users\Zi\AppData\Local\Programs\MiKTeX 2.9\tex/latex/amsmath\amstext.sty"
Package: amstext 2000/06/29 v2.01 AMS text

("C:\Users\Zi\AppData\Local\Programs\MiKTeX 2.9\tex/latex/amsmath\amsgen.sty"
File: amsgen.sty 1999/11/30 v2.0 generic functions
\@emptytoks=\toks21
\ex@=\dimen107
)) ("C:\Users\Zi\AppData\Local\Programs\MiKTeX 2.9\tex/latex/amsmath\amsbsy.sty
"
Package: amsbsy 1999/11/29 v1.2d Bold Symbols
\pmbraise@=\dimen108
) ("C:\Users\Zi\AppData\Local\Programs\MiKTeX 2.9\tex/latex/amsmath\amsopn.sty"
Package: amsopn 2016/03/08 v2.02 operator names
)
\inf@bad=\count88
LaTeX Info: Redefining \frac on input line 227.
\uproot@=\count89
\leftroot@=\count90
LaTeX Info: Redefining \overline on input line 389.
\classnum@=\count91
\DOTSCASE@=\count92
LaTeX Info: Redefining \ldots on input line 486.
LaTeX Info: Redefining \dots on input line 489.
LaTeX Info: Redefining \cdots on input line 610.
\Mathstrutbox@=\box27
\strutbox@=\box28
\big@size=\dimen109
LaTeX Font Info:    Redeclaring font encoding OML on input line 733.
LaTeX Font Info:    Redeclaring font encoding OMS on input line 734.
\macc@depth=\count93
\c@MaxMatrixCols=\count94
\dotsspace@=\muskip10
\c@parentequation=\count95
\dspbrk@lvl=\count96
\tag@help=\toks22
\row@=\count97
\column@=\count98
\maxfields@=\count99
\andhelp@=\toks23
\eqnshift@=\dimen110
\alignsep@=\dimen111
\tagshift@=\dimen112
\tagwidth@=\dimen113
\totwidth@=\dimen114
\lineht@=\dimen115
\@envbody=\toks24
\multlinegap=\skip48
\multlinetaggap=\skip49
\mathdisplay@stack=\toks25
LaTeX Info: Redefining \[ on input line 2858.
LaTeX Info: Redefining \] on input line 2859.
)
("C:\Users\Zi\AppData\Local\Programs\MiKTeX 2.9\tex/latex/amsfonts\amsfonts.sty
"
Package: amsfonts 2013/01/14 v3.01 Basic AMSFonts support
\symAMSa=\mathgroup4
\symAMSb=\mathgroup5
LaTeX Font Info:    Redeclaring math symbol \hbar on input line 98.
LaTeX Font Info:    Overwriting math alphabet `\mathfrak' in version `bold'
(Font)                  U/euf/m/n --> U/euf/b/n on input line 106.
) ("C:\Users\Zi\AppData\Local\Programs\MiKTeX 2.9\tex/latex/eurosym\eurosym.sty
"
Package: eurosym 1998/08/06 v1.1 European currency symbol ``Euro''
\@eurobox=\box29
)
("C:\Users\Zi\AppData\Local\Programs\MiKTeX 2.9\tex/latex/algorithm2e\algorithm
2e.sty"
Package: algorithm2e 2017/07/18 v5.2 algorithms environments
\c@AlgoLine=\count100

("C:\Users\Zi\AppData\Local\Programs\MiKTeX 2.9\tex/latex/base\ifthen.sty"
Package: ifthen 2014/09/29 v1.1c Standard LaTeX ifthen package (DPC)
)
\algocf@hangindent=\skip50

("C:\Users\Zi\AppData\Local\Programs\MiKTeX 2.9\tex/latex/ifoddpage\ifoddpage.s
ty"
Package: ifoddpage 2016/04/23 v1.1 Conditionals for odd/even page detection
\c@checkoddpage=\count101
) ("C:\Users\Zi\AppData\Local\Programs\MiKTeX 2.9\tex/latex/tools\xspace.sty"
Package: xspace 2014/10/28 v1.13 Space after command names (DPC,MH)
) ("C:\Users\Zi\AppData\Local\Programs\MiKTeX 2.9\tex/latex/relsize\relsize.sty
"
Package: relsize 2013/03/29 ver 4.1
)
\skiptotal=\skip51
\skiplinenumber=\skip52
\skiprule=\skip53
\skiphlne=\skip54
\skiptext=\skip55
\skiplength=\skip56
\algomargin=\skip57
\skipalgocfslide=\skip58
\algowidth=\dimen116
\inoutsize=\dimen117
\inoutindent=\dimen118
\interspacetitleruled=\dimen119
\interspacealgoruled=\dimen120
\interspacetitleboxruled=\dimen121
\algocf@ruledwidth=\skip59
\algocf@inoutbox=\box30
\algocf@inputbox=\box31
\AlCapSkip=\skip60
\AlCapHSkip=\skip61
\algoskipindent=\skip62
\algocf@nlbox=\box32
\algocf@hangingbox=\box33
\algocf@untilbox=\box34
\algocf@skipuntil=\skip63
\algocf@capbox=\box35
\algocf@lcaptionbox=\skip64
\algoheightruledefault=\skip65
\algoheightrule=\skip66
\algotitleheightruledefault=\skip67
\algotitleheightrule=\skip68
\c@algocfline=\count102
\c@algocfproc=\count103
\c@algocf=\count104
\algocf@algoframe=\box36
\algocf@algobox=\box37
) ("C:\Users\Zi\AppData\Local\Programs\MiKTeX 2.9\tex/latex/ulem\ulem.sty"
\UL@box=\box38
\UL@hyphenbox=\box39
\UL@skip=\skip69
\UL@hook=\toks26
\UL@height=\dimen122
\UL@pe=\count105
\UL@pixel=\dimen123
\ULC@box=\box40
Package: ulem 2012/05/18
\ULdepth=\dimen124
)
("C:\Users\Zi\AppData\Local\Programs\MiKTeX 2.9\tex/latex/graphics\color.sty"
Package: color 2016/07/10 v1.1e Standard LaTeX Color (DPC)

("C:\Users\Zi\AppData\Local\Programs\MiKTeX 2.9\tex/latex/graphics-cfg\color.cf
g"
File: color.cfg 2016/01/02 v1.6 sample color configuration
)
Package color Info: Driver file: pdftex.def on input line 147.
)
("C:\Users\Zi\AppData\Local\Programs\MiKTeX 2.9\tex/latex/tcolorbox\tcolorbox.s
ty"
Package: tcolorbox 2019/11/15 version 4.22 text color boxes

("C:\Users\Zi\AppData\Local\Programs\MiKTeX 2.9\tex/latex/pgf/basiclayer\pgf.st
y"
("C:\Users\Zi\AppData\Local\Programs\MiKTeX 2.9\tex/latex/pgf/utilities\pgfrcs.
sty"
("C:\Users\Zi\AppData\Local\Programs\MiKTeX 2.9\tex/generic/pgf/utilities\pgfut
il-common.tex"
\pgfutil@everybye=\toks27
\pgfutil@tempdima=\dimen125
\pgfutil@tempdimb=\dimen126

("C:\Users\Zi\AppData\Local\Programs\MiKTeX 2.9\tex/generic/pgf/utilities\pgfut
il-common-lists.tex"))
("C:\Users\Zi\AppData\Local\Programs\MiKTeX 2.9\tex/generic/pgf/utilities\pgfut
il-latex.def"
\pgfutil@abb=\box41

("C:\Users\Zi\AppData\Local\Programs\MiKTeX 2.9\tex/latex/ms\everyshi.sty"
Package: everyshi 2001/05/15 v3.00 EveryShipout Package (MS)
))
("C:\Users\Zi\AppData\Local\Programs\MiKTeX 2.9\tex/generic/pgf/utilities\pgfrc
s.code.tex"
("C:\Users\Zi\AppData\Local\Programs\MiKTeX 2.9\tex/generic/pgf\pgf.revision.te
x")
Package: pgfrcs 2019/12/21 v3.1.5a (3.1.5a)
))
Package: pgf 2019/12/21 v3.1.5a (3.1.5a)

("C:\Users\Zi\AppData\Local\Programs\MiKTeX 2.9\tex/latex/pgf/basiclayer\pgfcor
e.sty"
("C:\Users\Zi\AppData\Local\Programs\MiKTeX 2.9\tex/latex/pgf/systemlayer\pgfsy
s.sty"
("C:\Users\Zi\AppData\Local\Programs\MiKTeX 2.9\tex/generic/pgf/systemlayer\pgf
sys.code.tex"
Package: pgfsys 2019/12/21 v3.1.5a (3.1.5a)

("C:\Users\Zi\AppData\Local\Programs\MiKTeX 2.9\tex/generic/pgf/utilities\pgfke
ys.code.tex"
\pgfkeys@pathtoks=\toks28
\pgfkeys@temptoks=\toks29

("C:\Users\Zi\AppData\Local\Programs\MiKTeX 2.9\tex/generic/pgf/utilities\pgfke
ysfiltered.code.tex"
\pgfkeys@tmptoks=\toks30
))
\pgf@x=\dimen127
\pgf@y=\dimen128
\pgf@xa=\dimen129
\pgf@ya=\dimen130
\pgf@xb=\dimen131
\pgf@yb=\dimen132
\pgf@xc=\dimen133
\pgf@yc=\dimen134
\pgf@xd=\dimen135
\pgf@yd=\dimen136
\w@pgf@writea=\write3
\r@pgf@reada=\read1
\c@pgf@counta=\count106
\c@pgf@countb=\count107
\c@pgf@countc=\count108
\c@pgf@countd=\count109
\t@pgf@toka=\toks31
\t@pgf@tokb=\toks32
\t@pgf@tokc=\toks33
\pgf@sys@id@count=\count110

("C:\Users\Zi\AppData\Local\Programs\MiKTeX 2.9\tex/generic/pgf/systemlayer\pgf
.cfg"
File: pgf.cfg 2019/12/21 v3.1.5a (3.1.5a)
)
Driver file for pgf: pgfsys-pdftex.def

("C:\Users\Zi\AppData\Local\Programs\MiKTeX 2.9\tex/generic/pgf/systemlayer\pgf
sys-pdftex.def"
File: pgfsys-pdftex.def 2019/12/21 v3.1.5a (3.1.5a)

("C:\Users\Zi\AppData\Local\Programs\MiKTeX 2.9\tex/generic/pgf/systemlayer\pgf
sys-common-pdf.def"
File: pgfsys-common-pdf.def 2019/12/21 v3.1.5a (3.1.5a)
)))
("C:\Users\Zi\AppData\Local\Programs\MiKTeX 2.9\tex/generic/pgf/systemlayer\pgf
syssoftpath.code.tex"
File: pgfsyssoftpath.code.tex 2019/12/21 v3.1.5a (3.1.5a)
\pgfsyssoftpath@smallbuffer@items=\count111
\pgfsyssoftpath@bigbuffer@items=\count112
)
("C:\Users\Zi\AppData\Local\Programs\MiKTeX 2.9\tex/generic/pgf/systemlayer\pgf
sysprotocol.code.tex"
File: pgfsysprotocol.code.tex 2019/12/21 v3.1.5a (3.1.5a)
))
("C:\Users\Zi\AppData\Local\Programs\MiKTeX 2.9\tex/latex/xcolor\xcolor.sty"
Package: xcolor 2016/05/11 v2.12 LaTeX color extensions (UK)

("C:\Users\Zi\AppData\Local\Programs\MiKTeX 2.9\tex/latex/graphics-cfg\color.cf
g"
File: color.cfg 2016/01/02 v1.6 sample color configuration
)
Package xcolor Info: Driver file: pdftex.def on input line 225.
LaTeX Info: Redefining \color on input line 709.
Package xcolor Info: Model `cmy' substituted by `cmy0' on input line 1348.
Package xcolor Info: Model `hsb' substituted by `rgb' on input line 1352.
Package xcolor Info: Model `RGB' extended on input line 1364.
Package xcolor Info: Model `HTML' substituted by `rgb' on input line 1366.
Package xcolor Info: Model `Hsb' substituted by `hsb' on input line 1367.
Package xcolor Info: Model `tHsb' substituted by `hsb' on input line 1368.
Package xcolor Info: Model `HSB' substituted by `hsb' on input line 1369.
Package xcolor Info: Model `Gray' substituted by `gray' on input line 1370.
Package xcolor Info: Model `wave' substituted by `hsb' on input line 1371.
)
("C:\Users\Zi\AppData\Local\Programs\MiKTeX 2.9\tex/generic/pgf/basiclayer\pgfc
ore.code.tex"
Package: pgfcore 2019/12/21 v3.1.5a (3.1.5a)

("C:\Users\Zi\AppData\Local\Programs\MiKTeX 2.9\tex/generic/pgf/math\pgfmath.co
de.tex"
("C:\Users\Zi\AppData\Local\Programs\MiKTeX 2.9\tex/generic/pgf/math\pgfmathcal
c.code.tex"
("C:\Users\Zi\AppData\Local\Programs\MiKTeX 2.9\tex/generic/pgf/math\pgfmathuti
l.code.tex")
("C:\Users\Zi\AppData\Local\Programs\MiKTeX 2.9\tex/generic/pgf/math\pgfmathpar
ser.code.tex"
\pgfmath@dimen=\dimen137
\pgfmath@count=\count113
\pgfmath@box=\box42
\pgfmath@toks=\toks34
\pgfmath@stack@operand=\toks35
\pgfmath@stack@operation=\toks36
)
("C:\Users\Zi\AppData\Local\Programs\MiKTeX 2.9\tex/generic/pgf/math\pgfmathfun
ctions.code.tex"
("C:\Users\Zi\AppData\Local\Programs\MiKTeX 2.9\tex/generic/pgf/math\pgfmathfun
ctions.basic.code.tex")
("C:\Users\Zi\AppData\Local\Programs\MiKTeX 2.9\tex/generic/pgf/math\pgfmathfun
ctions.trigonometric.code.tex")
("C:\Users\Zi\AppData\Local\Programs\MiKTeX 2.9\tex/generic/pgf/math\pgfmathfun
ctions.random.code.tex")
("C:\Users\Zi\AppData\Local\Programs\MiKTeX 2.9\tex/generic/pgf/math\pgfmathfun
ctions.comparison.code.tex")
("C:\Users\Zi\AppData\Local\Programs\MiKTeX 2.9\tex/generic/pgf/math\pgfmathfun
ctions.base.code.tex")
("C:\Users\Zi\AppData\Local\Programs\MiKTeX 2.9\tex/generic/pgf/math\pgfmathfun
ctions.round.code.tex")
("C:\Users\Zi\AppData\Local\Programs\MiKTeX 2.9\tex/generic/pgf/math\pgfmathfun
ctions.misc.code.tex")
("C:\Users\Zi\AppData\Local\Programs\MiKTeX 2.9\tex/generic/pgf/math\pgfmathfun
ctions.integerarithmetics.code.tex")))
("C:\Users\Zi\AppData\Local\Programs\MiKTeX 2.9\tex/generic/pgf/math\pgfmathflo
at.code.tex"
\c@pgfmathroundto@lastzeros=\count114
))
("C:\Users\Zi\AppData\Local\Programs\MiKTeX 2.9\tex/generic/pgf/math\pgfint.cod
e.tex")
("C:\Users\Zi\AppData\Local\Programs\MiKTeX 2.9\tex/generic/pgf/basiclayer\pgfc
orepoints.code.tex"
File: pgfcorepoints.code.tex 2019/12/21 v3.1.5a (3.1.5a)
\pgf@picminx=\dimen138
\pgf@picmaxx=\dimen139
\pgf@picminy=\dimen140
\pgf@picmaxy=\dimen141
\pgf@pathminx=\dimen142
\pgf@pathmaxx=\dimen143
\pgf@pathminy=\dimen144
\pgf@pathmaxy=\dimen145
\pgf@xx=\dimen146
\pgf@xy=\dimen147
\pgf@yx=\dimen148
\pgf@yy=\dimen149
\pgf@zx=\dimen150
\pgf@zy=\dimen151
)
("C:\Users\Zi\AppData\Local\Programs\MiKTeX 2.9\tex/generic/pgf/basiclayer\pgfc
orepathconstruct.code.tex"
File: pgfcorepathconstruct.code.tex 2019/12/21 v3.1.5a (3.1.5a)
\pgf@path@lastx=\dimen152
\pgf@path@lasty=\dimen153
)
("C:\Users\Zi\AppData\Local\Programs\MiKTeX 2.9\tex/generic/pgf/basiclayer\pgfc
orepathusage.code.tex"
File: pgfcorepathusage.code.tex 2019/12/21 v3.1.5a (3.1.5a)
\pgf@shorten@end@additional=\dimen154
\pgf@shorten@start@additional=\dimen155
)
("C:\Users\Zi\AppData\Local\Programs\MiKTeX 2.9\tex/generic/pgf/basiclayer\pgfc
orescopes.code.tex"
File: pgfcorescopes.code.tex 2019/12/21 v3.1.5a (3.1.5a)
\pgfpic=\box43
\pgf@hbox=\box44
\pgf@layerbox@main=\box45
\pgf@picture@serial@count=\count115
)
("C:\Users\Zi\AppData\Local\Programs\MiKTeX 2.9\tex/generic/pgf/basiclayer\pgfc
oregraphicstate.code.tex"
File: pgfcoregraphicstate.code.tex 2019/12/21 v3.1.5a (3.1.5a)
\pgflinewidth=\dimen156
)
("C:\Users\Zi\AppData\Local\Programs\MiKTeX 2.9\tex/generic/pgf/basiclayer\pgfc
oretransformations.code.tex"
File: pgfcoretransformations.code.tex 2019/12/21 v3.1.5a (3.1.5a)
\pgf@pt@x=\dimen157
\pgf@pt@y=\dimen158
\pgf@pt@temp=\dimen159
)
("C:\Users\Zi\AppData\Local\Programs\MiKTeX 2.9\tex/generic/pgf/basiclayer\pgfc
orequick.code.tex"
File: pgfcorequick.code.tex 2019/12/21 v3.1.5a (3.1.5a)
)
("C:\Users\Zi\AppData\Local\Programs\MiKTeX 2.9\tex/generic/pgf/basiclayer\pgfc
oreobjects.code.tex"
File: pgfcoreobjects.code.tex 2019/12/21 v3.1.5a (3.1.5a)
)
("C:\Users\Zi\AppData\Local\Programs\MiKTeX 2.9\tex/generic/pgf/basiclayer\pgfc
orepathprocessing.code.tex"
File: pgfcorepathprocessing.code.tex 2019/12/21 v3.1.5a (3.1.5a)
)
("C:\Users\Zi\AppData\Local\Programs\MiKTeX 2.9\tex/generic/pgf/basiclayer\pgfc
orearrows.code.tex"
File: pgfcorearrows.code.tex 2019/12/21 v3.1.5a (3.1.5a)
\pgfarrowsep=\dimen160
)
("C:\Users\Zi\AppData\Local\Programs\MiKTeX 2.9\tex/generic/pgf/basiclayer\pgfc
oreshade.code.tex"
File: pgfcoreshade.code.tex 2019/12/21 v3.1.5a (3.1.5a)
\pgf@max=\dimen161
\pgf@sys@shading@range@num=\count116
\pgf@shadingcount=\count117
)
("C:\Users\Zi\AppData\Local\Programs\MiKTeX 2.9\tex/generic/pgf/basiclayer\pgfc
oreimage.code.tex"
File: pgfcoreimage.code.tex 2019/12/21 v3.1.5a (3.1.5a)

("C:\Users\Zi\AppData\Local\Programs\MiKTeX 2.9\tex/generic/pgf/basiclayer\pgfc
oreexternal.code.tex"
File: pgfcoreexternal.code.tex 2019/12/21 v3.1.5a (3.1.5a)
\pgfexternal@startupbox=\box46
))
("C:\Users\Zi\AppData\Local\Programs\MiKTeX 2.9\tex/generic/pgf/basiclayer\pgfc
orelayers.code.tex"
File: pgfcorelayers.code.tex 2019/12/21 v3.1.5a (3.1.5a)
)
("C:\Users\Zi\AppData\Local\Programs\MiKTeX 2.9\tex/generic/pgf/basiclayer\pgfc
oretransparency.code.tex"
File: pgfcoretransparency.code.tex 2019/12/21 v3.1.5a (3.1.5a)
)
("C:\Users\Zi\AppData\Local\Programs\MiKTeX 2.9\tex/generic/pgf/basiclayer\pgfc
orepatterns.code.tex"
File: pgfcorepatterns.code.tex 2019/12/21 v3.1.5a (3.1.5a)
)
("C:\Users\Zi\AppData\Local\Programs\MiKTeX 2.9\tex/generic/pgf/basiclayer\pgfc
orerdf.code.tex"
File: pgfcorerdf.code.tex 2019/12/21 v3.1.5a (3.1.5a)
)))
("C:\Users\Zi\AppData\Local\Programs\MiKTeX 2.9\tex/generic/pgf/modules\pgfmodu
leshapes.code.tex"
File: pgfmoduleshapes.code.tex 2019/12/21 v3.1.5a (3.1.5a)
\pgfnodeparttextbox=\box47
)
("C:\Users\Zi\AppData\Local\Programs\MiKTeX 2.9\tex/generic/pgf/modules\pgfmodu
leplot.code.tex"
File: pgfmoduleplot.code.tex 2019/12/21 v3.1.5a (3.1.5a)
)
("C:\Users\Zi\AppData\Local\Programs\MiKTeX 2.9\tex/latex/pgf/compatibility\pgf
comp-version-0-65.sty"
Package: pgfcomp-version-0-65 2019/12/21 v3.1.5a (3.1.5a)
\pgf@nodesepstart=\dimen162
\pgf@nodesepend=\dimen163
)
("C:\Users\Zi\AppData\Local\Programs\MiKTeX 2.9\tex/latex/pgf/compatibility\pgf
comp-version-1-18.sty"
Package: pgfcomp-version-1-18 2019/12/21 v3.1.5a (3.1.5a)
))
("C:\Users\Zi\AppData\Local\Programs\MiKTeX 2.9\tex/latex/tools\verbatim.sty"
Package: verbatim 2019/11/10 v1.5r LaTeX2e package for verbatim enhancements
\every@verbatim=\toks37
\verbatim@line=\toks38
\verbatim@in@stream=\read2
)
("C:\Users\Zi\AppData\Local\Programs\MiKTeX 2.9\tex/latex/environ\environ.sty"
Package: environ 2014/05/04 v0.3 A new way to define environments

("C:\Users\Zi\AppData\Local\Programs\MiKTeX 2.9\tex/latex/trimspaces\trimspaces
.sty"
Package: trimspaces 2009/09/17 v1.1 Trim spaces around a token list
))
("C:\Users\Zi\AppData\Local\Programs\MiKTeX 2.9\tex/latex/etoolbox\etoolbox.sty
"
Package: etoolbox 2019/09/21 v2.5h e-TeX tools for LaTeX (JAW)
\etb@tempcnta=\count118
)
\tcb@titlebox=\box48
\tcb@upperbox=\box49
\tcb@lowerbox=\box50
\tcb@phantombox=\box51
\c@tcbbreakpart=\count119
\c@tcblayer=\count120
\tcolorbox@number=\count121
\tcb@temp=\box52
\tcb@temp=\box53
\tcb@temp=\box54
\tcb@temp=\box55
\tcb@out=\write4
\tcb@record@out=\write5
) (CS442Notes.aux)
\openout1 = `CS442Notes.aux'.

LaTeX Font Info:    Checking defaults for OML/cmm/m/it on input line 22.
LaTeX Font Info:    ... okay on input line 22.
LaTeX Font Info:    Checking defaults for T1/cmr/m/n on input line 22.
LaTeX Font Info:    ... okay on input line 22.
LaTeX Font Info:    Checking defaults for OT1/cmr/m/n on input line 22.
LaTeX Font Info:    ... okay on input line 22.
LaTeX Font Info:    Checking defaults for OMS/cmsy/m/n on input line 22.
LaTeX Font Info:    ... okay on input line 22.
LaTeX Font Info:    Checking defaults for OMX/cmex/m/n on input line 22.
LaTeX Font Info:    ... okay on input line 22.
LaTeX Font Info:    Checking defaults for U/cmr/m/n on input line 22.
LaTeX Font Info:    ... okay on input line 22.

("C:\Users\Zi\AppData\Local\Programs\MiKTeX 2.9\tex/context/base/mkii\supp-pdf.
mkii"
[Loading MPS to PDF converter (version 2006.09.02).]
\scratchcounter=\count122
\scratchdimen=\dimen164
\scratchbox=\box56
\nofMPsegments=\count123
\nofMParguments=\count124
\everyMPshowfont=\toks39
\MPscratchCnt=\count125
\MPscratchDim=\dimen165
\MPnumerator=\count126
\makeMPintoPDFobject=\count127
\everyMPtoPDFconversion=\toks40
)
("C:\Users\Zi\AppData\Local\Programs\MiKTeX 2.9\tex/latex/epstopdf-pkg\epstopdf
-base.sty"
Package: epstopdf-base 2019/11/24 v2.7 Base part for package epstopdf

("C:\Users\Zi\AppData\Local\Programs\MiKTeX 2.9\tex/generic/oberdiek\infwarerr.
sty"
Package: infwarerr 2016/05/16 v1.4 Providing info/warning/error messages (HO)
)
("C:\Users\Zi\AppData\Local\Programs\MiKTeX 2.9\tex/latex/oberdiek\grfext.sty"
Package: grfext 2016/05/16 v1.2 Manage graphics extensions (HO)

("C:\Users\Zi\AppData\Local\Programs\MiKTeX 2.9\tex/generic/oberdiek\kvdefineke
ys.sty"
Package: kvdefinekeys 2016/05/16 v1.4 Define keys (HO)

("C:\Users\Zi\AppData\Local\Programs\MiKTeX 2.9\tex/generic/oberdiek\ltxcmds.st
y"
Package: ltxcmds 2016/05/16 v1.23 LaTeX kernel commands for general use (HO)
)))
("C:\Users\Zi\AppData\Local\Programs\MiKTeX 2.9\tex/latex/oberdiek\kvoptions.st
y"
Package: kvoptions 2016/05/16 v3.12 Key value format for package options (HO)

("C:\Users\Zi\AppData\Local\Programs\MiKTeX 2.9\tex/generic/oberdiek\kvsetkeys.
sty"
Package: kvsetkeys 2016/05/16 v1.17 Key value parser (HO)

("C:\Users\Zi\AppData\Local\Programs\MiKTeX 2.9\tex/generic/oberdiek\etexcmds.s
ty"
Package: etexcmds 2016/05/16 v1.6 Avoid name clashes with e-TeX commands (HO)

("C:\Users\Zi\AppData\Local\Programs\MiKTeX 2.9\tex/generic/iftex\ifluatex.sty"
Package: ifluatex 2019/10/25 v1.5 ifluatex legacy package. Use iftex instead.
("C:\Users\Zi\AppData\Local\Programs\MiKTeX 2.9\tex/generic/iftex\iftex.sty"
Package: iftex 2019/11/07 v1.0c TeX engine tests
)))))
("C:\Users\Zi\AppData\Local\Programs\MiKTeX 2.9\tex/latex/pdftexcmds\pdftexcmds
.sty"
Package: pdftexcmds 2019/11/24 v0.31 Utility functions of pdfTeX for LuaTeX (HO
)
Package pdftexcmds Info: \pdf@primitive is available.
Package pdftexcmds Info: \pdf@ifprimitive is available.
Package pdftexcmds Info: \pdfdraftmode found.
)
Package epstopdf-base Info: Redefining graphics rule for `.eps' on input line 4
42.
Package grfext Info: Graphics extension search list:
(grfext)             [.pdf,.png,.jpg,.mps,.jpeg,.jbig2,.jb2,.PDF,.PNG,.JPG,.JPE
G,.JBIG2,.JB2,.eps]
(grfext)             \AppendGraphicsExtensions on input line 460.
) ABD: EveryShipout initializing macros
Underfull \hbox (badness 10000) in paragraph at lines 43--44

 []

LaTeX Font Info:    Trying to load font information for U+msa on input line 53.

("C:\Users\Zi\AppData\Local\Programs\MiKTeX 2.9\tex/latex/amsfonts\umsa.fd"
File: umsa.fd 2013/01/14 v3.01 AMS symbols A
)
LaTeX Font Info:    Trying to load font information for U+msb on input line 53.


("C:\Users\Zi\AppData\Local\Programs\MiKTeX 2.9\tex/latex/amsfonts\umsb.fd"
File: umsb.fd 2013/01/14 v3.01 AMS symbols B
)
Underfull \hbox (badness 10000) in paragraph at lines 65--67

 []


Underfull \hbox (badness 10000) in paragraph at lines 77--78

 []

[1

{C:/Users/Zi/AppData/Local/MiKTeX/2.9/pdftex/config/pdftex.map}]
Underfull \hbox (badness 10000) in paragraph at lines 113--114

 []


Underfull \hbox (badness 10000) in paragraph at lines 123--124

 []


Underfull \hbox (badness 10000) in paragraph at lines 132--133

 []

[2]
Underfull \hbox (badness 10000) in paragraph at lines 134--135

 []


Underfull \hbox (badness 10000) in paragraph at lines 136--137

 []


Underfull \hbox (badness 10000) in paragraph at lines 144--145

 []


Underfull \hbox (badness 10000) in paragraph at lines 146--147

 []


Underfull \hbox (badness 10000) in paragraph at lines 148--149

 []


Underfull \hbox (badness 10000) in paragraph at lines 150--151

 []


Underfull \hbox (badness 10000) in paragraph at lines 152--153

 []


Underfull \hbox (badness 10000) in paragraph at lines 154--155

 []


Underfull \hbox (badness 10000) in paragraph at lines 156--157

 []


Underfull \hbox (badness 10000) in paragraph at lines 165--166

 []


Underfull \hbox (badness 10000) in paragraph at lines 167--168

 []


Underfull \hbox (badness 10000) in paragraph at lines 169--170

 []


Underfull \hbox (badness 10000) in paragraph at lines 171--172

 []


Underfull \hbox (badness 10000) in paragraph at lines 173--174

 []

[3]
Underfull \hbox (badness 10000) in paragraph at lines 184--185

 []


Underfull \hbox (badness 10000) in paragraph at lines 186--187

 []

[4]
Underfull \hbox (badness 10000) in paragraph at lines 224--225

 []


Underfull \hbox (badness 10000) in paragraph at lines 226--227

 []


Underfull \hbox (badness 10000) in paragraph at lines 228--229

 []


Underfull \hbox (badness 10000) in paragraph at lines 230--231

 []


Underfull \hbox (badness 10000) in paragraph at lines 232--233

 []


Underfull \hbox (badness 10000) in paragraph at lines 234--235

 []

[5] (CS442Notes.aux) ) 
Here is how much of TeX's memory you used:
 13313 strings out of 492484
 261244 string characters out of 3122961
 321734 words of memory out of 3000000
 17396 multiletter control sequences out of 15000+200000
 9912 words of font info for 38 fonts, out of 3000000 for 9000
 1141 hyphenation exceptions out of 8191
 59i,10n,75p,815b,230s stack positions out of 5000i,500n,10000p,200000b,50000s
<C:/Users/Zi/AppData/Local/Programs/MiKTeX 2.9/fonts/type
1/public/amsfonts/cm/cmbx10.pfb><C:/Users/Zi/AppData/Local/Programs/MiKTeX 2.9/
fonts/type1/public/amsfonts/cm/cmbx12.pfb><C:/Users/Zi/AppData/Local/Programs/M
iKTeX 2.9/fonts/type1/public/amsfonts/cm/cmmi10.pfb><C:/Users/Zi/AppData/Local/
Programs/MiKTeX 2.9/fonts/type1/public/amsfonts/cm/cmmi8.pfb><C:/Users/Zi/AppDa
ta/Local/Programs/MiKTeX 2.9/fonts/type1/public/amsfonts/cm/cmr10.pfb><C:/Users
/Zi/AppData/Local/Programs/MiKTeX 2.9/fonts/type1/public/amsfonts/cm/cmr8.pfb><
C:/Users/Zi/AppData/Local/Programs/MiKTeX 2.9/fonts/type1/public/amsfonts/cm/cm
sy10.pfb><C:/Users/Zi/AppData/Local/Programs/MiKTeX 2.9/fonts/type1/public/amsf
onts/cm/cmsy8.pfb>
Output written on CS442Notes.pdf (5 pages, 110218 bytes).
PDF statistics:
 53 PDF objects out of 1000 (max. 8388607)
 0 named destinations out of 1000 (max. 500000)
 13 words of extra memory for PDF output out of 10000 (max. 10000000)

